<?xml version="1.0" encoding="UTF-8"?>
<!-- Generated by org.testng.reporters.JUnitXMLReporter -->
<testsuite ignored="0" hostname="shri" failures="0" tests="6" name="firefoxTest1" time="58.27" errors="0" timestamp="2022-02-10T22:31:34 IST">
  <testcase classname="package1.ToVerifyHeader" name="@AfterMethod logoutFromApplication" time="12.136">
    <failure type="org.openqa.selenium.NoSuchElementException" message="Unable to locate element: //span[text()=&amp;apos;Log Out&amp;apos;]
For documentation on this error, please visit: https://www.seleniumhq.org/exceptions/no_such_element.html
Build info: version: &amp;apos;3.141.59&amp;apos;, revision: &amp;apos;e82be7d358&amp;apos;, time: &amp;apos;2018-11-14T08:17:03&amp;apos;
System info: host: &amp;apos;SHRI&amp;apos;, ip: &amp;apos;192.168.1.41&amp;apos;, os.name: &amp;apos;Windows 10&amp;apos;, os.arch: &amp;apos;amd64&amp;apos;, os.version: &amp;apos;10.0&amp;apos;, java.version: &amp;apos;15.0.2&amp;apos;
Driver info: org.openqa.selenium.firefox.FirefoxDriver
Capabilities {acceptInsecureCerts: true, browserName: firefox, browserVersion: 97.0, javascriptEnabled: true, moz:accessibilityChecks: false, moz:buildID: 20220202182137, moz:geckodriverVersion: 0.30.0, moz:headless: false, moz:processID: 11924, moz:profile: C:\Users\shri\AppData\Local..., moz:shutdownTimeout: 60000, moz:useNonSpecCompliantPointerOrigin: false, moz:webdriverClick: true, pageLoadStrategy: normal, platform: WINDOWS, platformName: WINDOWS, platformVersion: 10.0, proxy: Proxy(), setWindowRect: true, strictFileInteractability: false, timeouts: {implicit: 0, pageLoad: 300000, script: 30000}, unhandledPromptBehavior: dismiss and notify}
Session ID: e9efd31f-8d7d-46ed-82b4-260c0957f21b
*** Element info: {Using=xpath, value=//span[text()=&amp;apos;Log Out&amp;apos;]}">
      <![CDATA[org.openqa.selenium.NoSuchElementException: Unable to locate element: //span[text()='Log Out']
For documentation on this error, please visit: https://www.seleniumhq.org/exceptions/no_such_element.html
Build info: version: '3.141.59', revision: 'e82be7d358', time: '2018-11-14T08:17:03'
System info: host: 'SHRI', ip: '192.168.1.41', os.name: 'Windows 10', os.arch: 'amd64', os.version: '10.0', java.version: '15.0.2'
Driver info: org.openqa.selenium.firefox.FirefoxDriver
Capabilities {acceptInsecureCerts: true, browserName: firefox, browserVersion: 97.0, javascriptEnabled: true, moz:accessibilityChecks: false, moz:buildID: 20220202182137, moz:geckodriverVersion: 0.30.0, moz:headless: false, moz:processID: 11924, moz:profile: C:\Users\shri\AppData\Local..., moz:shutdownTimeout: 60000, moz:useNonSpecCompliantPointerOrigin: false, moz:webdriverClick: true, pageLoadStrategy: normal, platform: WINDOWS, platformName: WINDOWS, platformVersion: 10.0, proxy: Proxy(), setWindowRect: true, strictFileInteractability: false, timeouts: {implicit: 0, pageLoad: 300000, script: 30000}, unhandledPromptBehavior: dismiss and notify}
Session ID: e9efd31f-8d7d-46ed-82b4-260c0957f21b
*** Element info: {Using=xpath, value=//span[text()='Log Out']}
at org.openqa.selenium.remote.http.W3CHttpResponseCodec.createException(W3CHttpResponseCodec.java:187)
at org.openqa.selenium.remote.http.W3CHttpResponseCodec.decode(W3CHttpResponseCodec.java:122)
at org.openqa.selenium.remote.http.W3CHttpResponseCodec.decode(W3CHttpResponseCodec.java:49)
at org.openqa.selenium.remote.HttpCommandExecutor.execute(HttpCommandExecutor.java:158)
at org.openqa.selenium.remote.service.DriverCommandExecutor.execute(DriverCommandExecutor.java:83)
at org.openqa.selenium.remote.RemoteWebDriver.execute(RemoteWebDriver.java:552)
at org.openqa.selenium.remote.RemoteWebDriver.findElement(RemoteWebDriver.java:323)
at org.openqa.selenium.remote.RemoteWebDriver.findElementByXPath(RemoteWebDriver.java:428)
at org.openqa.selenium.By$ByXPath.findElement(By.java:353)
at org.openqa.selenium.remote.RemoteWebDriver.findElement(RemoteWebDriver.java:315)
at org.openqa.selenium.support.pagefactory.DefaultElementLocator.findElement(DefaultElementLocator.java:69)
at org.openqa.selenium.support.pagefactory.internal.LocatingElementHandler.invoke(LocatingElementHandler.java:38)
at com.sun.proxy.$Proxy17.click(Unknown Source)
at pom.HomePage.clickLogOutButton(HomePage.java:87)
at package1.ToVerifyHeader.logoutFromApplication(ToVerifyHeader.java:135)
at java.base/java.util.ArrayList.forEach(ArrayList.java:1511)
... Removed 37 stack frames]]>
    </failure>
  </testcase> <!-- @AfterMethod logoutFromApplication -->
  <testcase classname="package1.ToVerifyHeader" name="@BeforeMethod clickLoginButton" time="-1.644512493942E9">
    <skipped/>
  </testcase> <!-- @BeforeMethod clickLoginButton -->
  <testcase classname="package1.ToVerifyHeader" name="@AfterMethod logoutFromApplication" time="-1.644512493954E9">
    <skipped/>
  </testcase> <!-- @AfterMethod logoutFromApplication -->
  <testcase classname="package1.ToVerifyHeader" name="@BeforeMethod clickLoginButton" time="-1.644512493961E9">
    <skipped/>
  </testcase> <!-- @BeforeMethod clickLoginButton -->
  <testcase classname="package1.ToVerifyHeader" name="@AfterMethod logoutFromApplication" time="-1.644512493974E9">
    <skipped/>
  </testcase> <!-- @AfterMethod logoutFromApplication -->
  <testcase classname="package1.ToVerifyHeader" name="@BeforeMethod clickLoginButton" time="-1.64451249398E9">
    <skipped/>
  </testcase> <!-- @BeforeMethod clickLoginButton -->
  <testcase classname="package1.ToVerifyHeader" name="@AfterMethod logoutFromApplication" time="-1.644512493991E9">
    <skipped/>
  </testcase> <!-- @AfterMethod logoutFromApplication -->
  <testcase classname="package1.ToVerifyHeader" name="@BeforeMethod clickLoginButton" time="-1.644512493996E9">
    <skipped/>
  </testcase> <!-- @BeforeMethod clickLoginButton -->
  <testcase classname="package1.ToVerifyHeader" name="@AfterMethod logoutFromApplication" time="-1.64451249402E9">
    <skipped/>
  </testcase> <!-- @AfterMethod logoutFromApplication -->
  <testcase classname="package1.ToVerifyHeader" name="@AfterClass clearPomObjects" time="-1.644512494027E9">
    <skipped/>
  </testcase> <!-- @AfterClass clearPomObjects -->
  <testcase classname="package1.ToVerifyHeader" name="@AfterTest afterClass" time="-1.644512494035E9">
    <skipped/>
  </testcase> <!-- @AfterTest afterClass -->
  <testcase classname="package1.ToVerifyHeader" name="verifyWatchButton" time="1.275"/>
  <testcase classname="package1.ToVerifyHeader" name="verifyHomeButton" time="1.028"/>
  <testcase classname="package1.ToVerifyHeader" name="verifyMarcketplaceButton" time="0.0">
    <skipped/>
  </testcase> <!-- verifyMarcketplaceButton -->
  <testcase classname="package1.ToVerifyHeader" name="verifyGroupsButton" time="0.0">
    <skipped/>
  </testcase> <!-- verifyGroupsButton -->
  <testcase classname="package1.ToVerifyHeader" name="verifyMessengerButton" time="0.0">
    <skipped/>
  </testcase> <!-- verifyMessengerButton -->
  <testcase classname="package1.ToVerifyHeader" name="verifyNotificationsButton" time="0.0">
    <skipped/>
  </testcase> <!-- verifyNotificationsButton -->
</testsuite> <!-- firefoxTest1 -->
